[12840:7080:0330/165758.006:INFO:chrome_browser_cloud_management_controller.cc(196)] No machine level policy manager exists.
[15636:944:0330/165758.130:INFO:cpu_info.cc(53)] Available number of cores: 6
[14188:13992:0330/165758.133:WARNING:viz_main_impl.cc(85)] VizNullHypothesis is disabled (not a warning)
[23340:7036:0330/165758.154:INFO:cpu_info.cc(53)] Available number of cores: 6
[6908:26516:0330/165758.701:INFO:cpu_info.cc(53)] Available number of cores: 6
[26476:3928:0330/165758.985:INFO:cpu_info.cc(53)] Available number of cores: 6
[12840:7080:0330/165759.237:INFO:CONSOLE(683)] "%c%s color:teal;font-size:24px Developing an extension for Meet? An add-on would work better.", source: https://meet.google.com/_/scs/mss-static/_/js/k=boq-rtc.MeetingsUi.en_US.Afx2rOZFnKs.2020.O/am=ZrwHAAGAIIAAMAcGgAAAIAQAZQBApAACDwwgAPLgAAhgAAAAAIAlKSIEAAAEaQAAEAD0A-4wggAEgAE/d=1/excm=_b,_tp,calldesktoppageview/ed=1/dg=0/br=1/wt=2/ujg=1/rs=AL5CKSGkeNLIjIS5FrAz12W7lUNceiq6Jw/m=_b,_tp?wli=MeetingsUi.TfFAuUBkOAg.loadAudioAnalyzer.O%3A%3BMeetingsUi.wjLXFhg4IAc.loadNetEqLyraWrapper.O%3A%3BMeetingsUi.ji-HOGphaxQ.loadNetEqWrapper.O%3A%3B (683)
[12840:7080:0330/165759.237:INFO:CONSOLE(683)] "%c%s color:teal;font-size:16px Extensions frequently cause user issues by altering the page.", source: https://meet.google.com/_/scs/mss-static/_/js/k=boq-rtc.MeetingsUi.en_US.Afx2rOZFnKs.2020.O/am=ZrwHAAGAIIAAMAcGgAAAIAQAZQBApAACDwwgAPLgAAhgAAAAAIAlKSIEAAAEaQAAEAD0A-4wggAEgAE/d=1/excm=_b,_tp,calldesktoppageview/ed=1/dg=0/br=1/wt=2/ujg=1/rs=AL5CKSGkeNLIjIS5FrAz12W7lUNceiq6Jw/m=_b,_tp?wli=MeetingsUi.TfFAuUBkOAg.loadAudioAnalyzer.O%3A%3BMeetingsUi.wjLXFhg4IAc.loadNetEqLyraWrapper.O%3A%3BMeetingsUi.ji-HOGphaxQ.loadNetEqWrapper.O%3A%3B (683)
[12840:7080:0330/165759.237:INFO:CONSOLE(684)] "%c%s font-size:16px https://developers.google.com/meet/add-ons", source: https://meet.google.com/_/scs/mss-static/_/js/k=boq-rtc.MeetingsUi.en_US.Afx2rOZFnKs.2020.O/am=ZrwHAAGAIIAAMAcGgAAAIAQAZQBApAACDwwgAPLgAAhgAAAAAIAlKSIEAAAEaQAAEAD0A-4wggAEgAE/d=1/excm=_b,_tp,calldesktoppageview/ed=1/dg=0/br=1/wt=2/ujg=1/rs=AL5CKSGkeNLIjIS5FrAz12W7lUNceiq6Jw/m=_b,_tp?wli=MeetingsUi.TfFAuUBkOAg.loadAudioAnalyzer.O%3A%3BMeetingsUi.wjLXFhg4IAc.loadNetEqLyraWrapper.O%3A%3BMeetingsUi.ji-HOGphaxQ.loadNetEqWrapper.O%3A%3B (684)
[12840:7080:0330/165759.255:INFO:CONSOLE(614)] "%c%s color: red; background: yellow; font-size: 24px; WARNING!", source: https://meet.google.com/_/scs/mss-static/_/js/k=boq-rtc.MeetingsUi.en_US.Afx2rOZFnKs.2020.O/am=ZrwHAAGAIIAAMAcGgAAAIAQAZQBApAACDwwgAPLgAAhgAAAAAIAlKSIEAAAEaQAAEAD0A-4wggAEgAE/d=1/excm=_b,_tp,calldesktoppageview/ed=1/dg=0/br=1/wt=2/ujg=1/rs=AL5CKSGkeNLIjIS5FrAz12W7lUNceiq6Jw/m=_b,_tp?wli=MeetingsUi.TfFAuUBkOAg.loadAudioAnalyzer.O%3A%3BMeetingsUi.wjLXFhg4IAc.loadNetEqLyraWrapper.O%3A%3BMeetingsUi.ji-HOGphaxQ.loadNetEqWrapper.O%3A%3B (614)
[12840:7080:0330/165759.255:INFO:CONSOLE(614)] "%c%s font-size: 18px; Using this console may allow attackers to impersonate you and steal your information using an attack called Self-XSS.
Do not enter or paste code that you do not understand.", source: https://meet.google.com/_/scs/mss-static/_/js/k=boq-rtc.MeetingsUi.en_US.Afx2rOZFnKs.2020.O/am=ZrwHAAGAIIAAMAcGgAAAIAQAZQBApAACDwwgAPLgAAhgAAAAAIAlKSIEAAAEaQAAEAD0A-4wggAEgAE/d=1/excm=_b,_tp,calldesktoppageview/ed=1/dg=0/br=1/wt=2/ujg=1/rs=AL5CKSGkeNLIjIS5FrAz12W7lUNceiq6Jw/m=_b,_tp?wli=MeetingsUi.TfFAuUBkOAg.loadAudioAnalyzer.O%3A%3BMeetingsUi.wjLXFhg4IAc.loadNetEqLyraWrapper.O%3A%3BMeetingsUi.ji-HOGphaxQ.loadNetEqWrapper.O%3A%3B (614)
[12840:7080:0330/165800.012:WARNING:capture_device_ranking.h(255)] Can't initialize the value of media.audio_input.user_preference_ranking because media.default_audio_capture_device isn't registered or is empty
[12840:7080:0330/165800.012:WARNING:capture_device_ranking.h(255)] Can't initialize the value of media.video_input.user_preference_ranking because media.default_video_capture_Device isn't registered or is empty
[12840:7080:0330/165800.012:WARNING:capture_device_ranking.h(255)] Can't initialize the value of media.audio_input.user_preference_ranking because media.default_audio_capture_device isn't registered or is empty
[12840:7080:0330/165800.012:WARNING:capture_device_ranking.h(255)] Can't initialize the value of media.video_input.user_preference_ranking because media.default_video_capture_Device isn't registered or is empty
[6908:26516:0330/165800.264:INFO:sdp_video_format.cc(288)] Matched SdpVideoFormat Codec name: vp9, parameters: { } with Codec name: VP9, parameters: { profile-id=0 }, scalability_modes: [L1T1, L1T2, L1T3, L2T1, L2T1h, L2T1_KEY, L2T2, L2T2h, L2T2_KEY, L2T2_KEY_SHIFT, L2T3, L2T3h, L2T3_KEY, L3T1, L3T1h, L3T1_KEY, L3T2, L3T2h, L3T2_KEY, L3T3, L3T3h, L3T3_KEY, S2T1, S2T1h, S2T2, S2T2h, S2T3, S2T3h, S3T1, S3T1h, S3T2, S3T2h, S3T3, S3T3h]
[6908:26516:0330/165800.264:INFO:sdp_video_format.cc(288)] Matched SdpVideoFormat Codec name: vp9, parameters: { } with Codec name: VP9, parameters: { profile-id=0 }, scalability_modes: [L1T1, L1T2, L1T3, L2T1, L2T1h, L2T1_KEY, L2T2, L2T2h, L2T2_KEY, L2T2_KEY_SHIFT, L2T3, L2T3h, L2T3_KEY, L3T1, L3T1h, L3T1_KEY, L3T2, L3T2h, L3T2_KEY, L3T3, L3T3h, L3T3_KEY, S2T1, S2T1h, S2T2, S2T2h, S2T3, S2T3h, S3T1, S3T1h, S3T2, S3T2h, S3T3, S3T3h]
[6908:26516:0330/165800.264:INFO:sdp_video_format.cc(288)] Matched SdpVideoFormat Codec name: vp9, parameters: { } with Codec name: VP9, parameters: { profile-id=0 }, scalability_modes: [L1T1, L1T2, L1T3, L2T1, L2T1h, L2T1_KEY, L2T2, L2T2h, L2T2_KEY, L2T2_KEY_SHIFT, L2T3, L2T3h, L2T3_KEY, L3T1, L3T1h, L3T1_KEY, L3T2, L3T2h, L3T2_KEY, L3T3, L3T3h, L3T3_KEY, S2T1, S2T1h, S2T2, S2T2h, S2T3, S2T3h, S3T1, S3T1h, S3T2, S3T2h, S3T3, S3T3h]
[6908:26516:0330/165800.264:INFO:sdp_video_format.cc(288)] Matched SdpVideoFormat Codec name: vp9, parameters: { } with Codec name: VP9, parameters: { profile-id=0 }, scalability_modes: [L1T1, L1T2, L1T3, L2T1, L2T1h, L2T1_KEY, L2T2, L2T2h, L2T2_KEY, L2T2_KEY_SHIFT, L2T3, L2T3h, L2T3_KEY, L3T1, L3T1h, L3T1_KEY, L3T2, L3T2h, L3T2_KEY, L3T3, L3T3h, L3T3_KEY, S2T1, S2T1h, S2T2, S2T2h, S2T3, S2T3h, S3T1, S3T1h, S3T2, S3T2h, S3T3, S3T3h]
[6908:26516:0330/165800.265:INFO:sdp_video_format.cc(288)] Matched SdpVideoFormat Codec name: vp9, parameters: { } with Codec name: VP9, parameters: { profile-id=0 }, scalability_modes: [L1T1, L1T2, L1T3, L2T1, L2T1h, L2T1_KEY, L2T2, L2T2h, L2T2_KEY, L2T2_KEY_SHIFT, L2T3, L2T3h, L2T3_KEY, L3T1, L3T1h, L3T1_KEY, L3T2, L3T2h, L3T2_KEY, L3T3, L3T3h, L3T3_KEY, S2T1, S2T1h, S2T2, S2T2h, S2T3, S2T3h, S3T1, S3T1h, S3T2, S3T2h, S3T3, S3T3h]
[6908:26516:0330/165800.265:INFO:sdp_video_format.cc(288)] Matched SdpVideoFormat Codec name: vp9, parameters: { } with Codec name: VP9, parameters: { profile-id=0 }, scalability_modes: [L1T1, L1T2, L1T3, L2T1, L2T1h, L2T1_KEY, L2T2, L2T2h, L2T2_KEY, L2T2_KEY_SHIFT, L2T3, L2T3h, L2T3_KEY, L3T1, L3T1h, L3T1_KEY, L3T2, L3T2h, L3T2_KEY, L3T3, L3T3h, L3T3_KEY, S2T1, S2T1h, S2T2, S2T2h, S2T3, S2T3h, S3T1, S3T1h, S3T2, S3T2h, S3T3, S3T3h]
[6908:26516:0330/165800.266:INFO:sdp_video_format.cc(288)] Matched SdpVideoFormat Codec name: vp9, parameters: { } with Codec name: VP9, parameters: { profile-id=0 }, scalability_modes: [L1T1, L1T2, L1T3, L2T1, L2T1h, L2T1_KEY, L2T2, L2T2h, L2T2_KEY, L2T2_KEY_SHIFT, L2T3, L2T3h, L2T3_KEY, L3T1, L3T1h, L3T1_KEY, L3T2, L3T2h, L3T2_KEY, L3T3, L3T3h, L3T3_KEY, S2T1, S2T1h, S2T2, S2T2h, S2T3, S2T3h, S3T1, S3T1h, S3T2, S3T2h, S3T3, S3T3h]
[6908:26516:0330/165800.266:INFO:sdp_video_format.cc(288)] Matched SdpVideoFormat Codec name: vp9, parameters: { } with Codec name: VP9, parameters: { profile-id=0 }, scalability_modes: [L1T1, L1T2, L1T3, L2T1, L2T1h, L2T1_KEY, L2T2, L2T2h, L2T2_KEY, L2T2_KEY_SHIFT, L2T3, L2T3h, L2T3_KEY, L3T1, L3T1h, L3T1_KEY, L3T2, L3T2h, L3T2_KEY, L3T3, L3T3h, L3T3_KEY, S2T1, S2T1h, S2T2, S2T2h, S2T3, S2T3h, S3T1, S3T1h, S3T2, S3T2h, S3T3, S3T3h]
[6908:26516:0330/165800.266:INFO:sdp_video_format.cc(288)] Matched SdpVideoFormat Codec name: vp9, parameters: { } with Codec name: VP9, parameters: { profile-id=0 }, scalability_modes: [L1T1, L1T2, L1T3, L2T1, L2T1h, L2T1_KEY, L2T2, L2T2h, L2T2_KEY, L2T2_KEY_SHIFT, L2T3, L2T3h, L2T3_KEY, L3T1, L3T1h, L3T1_KEY, L3T2, L3T2h, L3T2_KEY, L3T3, L3T3h, L3T3_KEY, S2T1, S2T1h, S2T2, S2T2h, S2T3, S2T3h, S3T1, S3T1h, S3T2, S3T2h, S3T3, S3T3h]
[6908:26516:0330/165800.267:INFO:sdp_video_format.cc(288)] Matched SdpVideoFormat Codec name: vp8, parameters: { } with Codec name: VP8, parameters: { }, scalability_modes: [L1T1, L1T2, L1T3]
[6908:26516:0330/165800.267:INFO:sdp_video_format.cc(288)] Matched SdpVideoFormat Codec name: vp8, parameters: { } with Codec name: VP8, parameters: { }, scalability_modes: [L1T1, L1T2, L1T3]
[6908:26516:0330/165800.267:INFO:sdp_video_format.cc(288)] Matched SdpVideoFormat Codec name: vp8, parameters: { } with Codec name: VP8, parameters: { }, scalability_modes: [L1T1, L1T2, L1T3]
[6908:26516:0330/165800.267:INFO:sdp_video_format.cc(288)] Matched SdpVideoFormat Codec name: h264, parameters: { } with Codec name: H264, parameters: { level-asymmetry-allowed=1 packetization-mode=1 profile-level-id=42001f }, scalability_modes: [L1T1, L1T2, L1T3]
[6908:26516:0330/165800.267:INFO:sdp_video_format.cc(286)] Failed to match SdpVideoFormat Codec name: h265, parameters: { }
[6908:26516:0330/165800.267:INFO:sdp_video_format.cc(286)] Failed to match SdpVideoFormat Codec name: h265, parameters: { }
[6908:26516:0330/165800.267:INFO:sdp_video_format.cc(286)] Failed to match SdpVideoFormat Codec name: h265, parameters: { }
[6908:26516:0330/165800.267:INFO:sdp_video_format.cc(288)] Matched SdpVideoFormat Codec name: av1, parameters: { } with Codec name: AV1, parameters: { level-idx=5 profile=0 tier=0 }, scalability_modes: [L1T1, L1T2, L1T3, L2T1, L2T1h, L2T1_KEY, L2T2, L2T2h, L2T2_KEY, L2T2_KEY_SHIFT, L2T3, L2T3h, L2T3_KEY, L3T1, L3T1h, L3T1_KEY, L3T2, L3T2h, L3T2_KEY, L3T3, L3T3h, L3T3_KEY, S2T1, S2T1h, S2T2, S2T2h, S2T3, S2T3h, S3T1, S3T1h, S3T2, S3T2h, S3T3, S3T3h]
[12840:7080:0330/165800.316:WARNING:capture_device_ranking.h(255)] Can't initialize the value of media.audio_input.user_preference_ranking because media.default_audio_capture_device isn't registered or is empty
[12840:7080:0330/165800.316:WARNING:capture_device_ranking.h(255)] Can't initialize the value of media.video_input.user_preference_ranking because media.default_video_capture_Device isn't registered or is empty
[6908:2444:0330/165800.427:INFO:peer_connection_dependency_factory.cc(802)] Running WebRTC with a combined Network and Worker thread.
[6908:2444:0330/165800.427:INFO:webrtc_voice_engine.cc(476)] WebRtcVoiceEngine::WebRtcVoiceEngine
[6908:22764:0330/165800.427:INFO:webrtc_voice_engine.cc(498)] WebRtcVoiceEngine::Init
[6908:22764:0330/165800.427:INFO:webrtc_voice_engine.cc(604)] WebRtcVoiceEngine::ApplyOptions: AudioOptions {aec: 1, agc: 1, ns: 1, hf: 1, swap: 0, audio_jitter_buffer_max_packets: 200, audio_jitter_buffer_fast_accelerate: 0, audio_jitter_buffer_min_delay_ms: 0, }
[6908:22764:0330/165800.427:INFO:peer_connection_factory.cc(353)] Using default network controller factory
[6908:22764:0330/165800.427:INFO:bitrate_prober.cc(54)] Bandwidth probing enabled, set to inactive
[6908:22764:0330/165800.427:INFO:transport_sequence_number_feedback_generator.cc(52)] Maximum interval between transport feedback RTCP messages: 250 ms
[6908:22764:0330/165800.427:INFO:aimd_rate_control.cc(87)] Using aimd rate control with back off factor 0.85
[6908:22764:0330/165800.427:INFO:remote_bitrate_estimator_single_stream.cc(53)] RemoteBitrateEstimatorSingleStream: Instantiating.
[6908:2444:0330/165800.428:WARNING:codec.cc(386)] Explicitly added H264 constrained baseline to list of supported formats.
[6908:22764:0330/165800.429:INFO:openssl_key_pair.cc(40)] Making key pair
[6908:22764:0330/165800.429:INFO:openssl_key_pair.cc(93)] Returning key pair
[6908:22764:0330/165800.429:INFO:boringssl_certificate.cc(189)] Making certificate for WebRTC
[6908:22764:0330/165800.429:INFO:boringssl_certificate.cc(245)] Returning certificate
[6908:2444:0330/165800.429:INFO:peer_connection.cc(1232)] Adding video transceiver in response to a call to AddTransceiver.
[6908:2444:0330/165800.430:INFO:sdp_offer_answer.cc(2999)] Session: 967525731573228490 Old state: stable New state: closed
[12840:7080:0330/165800.588:WARNING:capture_device_ranking.h(255)] Can't initialize the value of media.audio_input.user_preference_ranking because media.default_audio_capture_device isn't registered or is empty
[12840:7080:0330/165800.588:WARNING:capture_device_ranking.h(255)] Can't initialize the value of media.video_input.user_preference_ranking because media.default_video_capture_Device isn't registered or is empty
[12840:7080:0330/165800.628:WARNING:capture_device_ranking.h(255)] Can't initialize the value of media.audio_input.user_preference_ranking because media.default_audio_capture_device isn't registered or is empty
[12840:7080:0330/165800.628:WARNING:capture_device_ranking.h(255)] Can't initialize the value of media.video_input.user_preference_ranking because media.default_video_capture_Device isn't registered or is empty
[12840:7080:0330/165800.679:INFO:CONSOLE(616)] "Uncaught (in promise) ConnectError: startupCode: 200, error = {
  statusCode = 403
  status = {
    Aj = {
      0 = 7
      1 = "The caller does not have permission"
      closure_uid_472398124 = 17
    }
    closure_uid_472398124 = 16
    yc = "v3Bbmc"
  }
  extraData = {
    Wxb = 39
    ZQa = undefined
    closure_uid_472398124 = 18
  }
  name = "GrpcErrorResponse"
  headers = {
    alt-svc = "h3=":443"; ma=2592000,h3-29=":443"; ma=2592000"
    content-encoding = "gzip"
    content-length = "59"
    content-type = "application/x-protobuf"
    date = "Sun, 30 Mar 2025 20:58:01 GMT"
    server = "ESF"
    vary = "Origin, X-Origin, Referer"
    x-content-type-options = "nosniff"
    x-frame-options = "SAMEORIGIN"
    x-l2-request-path = "l2-managed-9"
    x-xss-protection = "0"
    closure_uid_472398124 = 19
  }
  closure_uid_472398124 = 15
}", source: https://meet.google.com/_/scs/mss-static/_/js/k=boq-rtc.MeetingsUi.en_US.Afx2rOZFnKs.2020.O/ck=boq-rtc.MeetingsUi.WeXtDzkXW3g.L.B1.O/am=ZrwHAAGAIIAAMAcGgAAAIAQAZQBApAACDwwgAPLgAAhgAAAAAIAlKSIEAAAEaQAAEAD0A-4wggAEgAE/d=1/exm=A4UTCb,A5iG7e,A7fCU,ALJJub,Af18Qe,Af2VCc,AqUZy,BVgquf,CDstLe,CJeEuc,CrPWbe,DqbA0b,EFQ78c,EmRN4e,FSOnAf,FU117c,Fl2dbf,GJVpQd,GkRiKb,H9H6ie,I4aMuc,IHpeje,INwHbf,IZT63,Ivl8bd,J9PVmc,JGjVRe,JNoxi,JceZD,K4NgS,KMpyYe,KUM7Z,L1AAkb,LBaJxb,LEikZe,LvGhrf,MH0hJe,MI6k7c,MVkoYc,MdUzUe,MpJwZc,NwH0H,O1Gjze,O626Fe,O6y8ed,OMHQQd,OTA3Ae,Ot0YQ,P6sQOc,PAXA6c,PkooVe,PrPYRd,QIBHcd,QIhFr,QOUFuc,QQnX0,QcfBve,Qx89kd,R1C50e,RMhBfe,RiINWe,RqjULd,RwrTe,RyvaUb,SdcwHb,SpsfSb,UUJqVe,Uas9Hd,UcUJif,Ulmmrd,V3dDOb,VXdfxd,W4c4Lb,WO9ee,WdGZAb,XCoqFe,XU5LFb,XVMNvd,XhPxYe,Z5uLle,ZDZcre,Zj6VZd,ZwDk9d,_b,_tp,aCBidb,aW3pY,byfTOb,cQllkb,ceF0cf,cfcnLe,d8M4Mc,dtQcwe,dyDNGc,e5qFLc,en2VH,fjbyL,g9HNd,gJzDyc,gychg,hIO81e,hItSFb,hKCjub,hKSk3e,hS0dzd,hc6Ubd,hl,i8oNZb,ix2CXc,kRDR8c,keNb9b,kgMFLe,kjKdXe,lazG7b,lfpdyf,lsjVmc,lwddkf,m9oV,mI3LFb,mSX26d,mdR7q,mzzZzc,n73qwf,ncpZGe,nokbA,o72XM,oJz28e,oL8w7b,oNfeAd,oSEAfc,oc9Zo,p3hmRc,pA398e,pjICDe,pvxRAf,pw70Gc,q0xTif,q54pYe,qUYJve,rCcCxc,rGxly,rm2zn,s39S4,sOXFj,sszRX,tLr4ud,texUgd,uHu91b,v3i0Z,vcMNpd,vyDpFd,w4Dafe,w9hDv,wdAvhd,wmnU7d,ws9Tlc,xQtZb,xUdipf,xXfMPe,yf5KH,zH4D3d,zbML3c,zj6ZKd,zr1jrb/excm=_b,_tp,calldesktoppageview/ed=1/br=1/wt=2/ujg=1/rs=AL5CKSHwRoly5mu5kjDK5m5Dt-lGrkwzYA/ee=AM9HZd:vCak4b;BRmVff:HS5Yaf;BjCzpe:Yvr34d;Bnf5Lc:iPDrZd;CDC4qf:q6fE0e;CMRktf:sGrqec;DGWCxb:CgYiQ;E1tgbf:hMxPK;EAoUvb:aKikzb;EVNhjf:pw70Gc;EfKZq:QO2YB;EmZ2Bf:zr1jrb;GKUnZb:WNRENb;GmdGTd:Ct4wsb;IXc14:VZgraf;J9XQCb:ojlpPe;JLGZx:oSnDHf;JsINff:yeaFZ;JsbNhc:Xd8iUd;K5nYTd:ZDZcre;KKym4b:dTTbnb;KNpT6b:iSCite;KgXQpf:pQJdrb;LBgRLc:SdcwHb;LQJKcd:WuS5Ye;MJ6mxb:ubdYZ;Me32dd:MEeYgc;N8ehxe:AKukpf;NAHCGe:mxiOOb;NPKaK:SdcwHb;NSEoX:lazG7b;OOoYAb:Oj9pPe;PRDQhf:ux3mLc;PgXDBd:dm1dhc;Pjplud:EEDORb;QGR0gd:Mlhmy;QhhnXd:UqJYYe;RRwdt:gGRuRe;RYWUUc:anescc;Rh5nIc:JScXmc;SIjcAd:jrKD8b;SL22ab:CBRamd;SNUn3:ZwDk9d;SVOR2e:RqS4qe;SVvzme:BPB8ib;ScI3Yc:e7Hzgb;Szy1cf:nBpGQ;TB8xhd:AGa58c;ULs67c:bdUBJc;Up9aO:kY43Sc;Uvc8o:VDovNc;V7j7Sb:stsTjb;VJwZIe:q5U1uf;X6zUkd:u0z0vd;XSYl9e:GNVVIb;YBlgBf:LMo5Id;YIZmRd:A1yn5d;Ycdno:rkQZze;YfZO5c:CVuqWd;ZE1Tgd:kZF9ne;ZGeKvd:rb5w8b;ZT1aHd:g7FNPe;ZaFVgc:wOWhl;ZjyI3e:W2v6fc;a56pNe:JEfCwb;aPdIxb:F52gIc;bS8oAe:Kimhwf;brg6Gd:TlvL3b;cEt90b:ws9Tlc;cFl0Ie:PWJipc;cJj1Kd:A5k23d;cYTQve:GhXhl;cgbTHc:G8ycZ;dDPGef:IiQq4e;dIoSBb:SpsfSb;dYFttf:ZRxAzc;dowIGb:ebZ3mb;eBAeSb:zbML3c;esl3oe:Qz2vJf;g2wfV:DcDVld;gAClPb:ghdkwd;giw6qf:E7GzYd;hgud7d:GNh0Qc;hoquJe:EjBUIf;iFQyKf:QIhFr;iKsOgb:cWjcJb;jRrT5d:EHUI2d;jg0vue:iItGlf;jtBjNe:dWHZee;kNqx7b:gzp7wb;kqpyR:qIJF2;l4RAwd:h5Fnie;l6twR:Fvyyad;lJ7cgb:Erp0q;lOO0Vd:OTA3Ae;lx9iFf:nVFiIc;m4bwx:htQxyf;nAFL3:s39S4;oFd48c:l7VM1e;oGtAuc:sOXFj;p0iB4:VQhtq;pXdRYb:MdUzUe;qSBODf:H8X5pc;qafBPd:yDVVkb;qddgKe:xQtZb;qgOdad:vko54d;rUAape:NePQb;rWx8Cc:DxgUF;rarsed:Mb2qyd;rpiri:tZyrxe;sgnAWd:HkSoT;ssiZFc:BhQ85d;vKM7Jb:cWjcJb;w1T0Td:xpWMVc;wR5FRb:O1Gjze;x2i2de:zeWni;x4CZme:lCtfC;xbOSgd:e5G55;xqZiqf:wmnU7d;ye9FMd:KC9GA;yxTchf:KUM7Z;zBvUNc:fT8Mbb;zJxI2:kxz7Nb;zxnPse:GkRiKb/m=yEk6Te,xbDtq,CqZKyc,IC29Ne,FH3f2d,FNEVwb,JTBQeb,EbM8gf,gJHvUb,c4XQ6d?wli=MeetingsUi.TfFAuUBkOAg.loadAudioAnalyzer.O%3A%3BMeetingsUi.wjLXFhg4IAc.loadNetEqLyraWrapper.O%3A%3BMeetingsUi.ji-HOGphaxQ.loadNetEqWrapper.O%3A%3B (616)
[12840:7080:0330/165800.680:INFO:CONSOLE(544)] "Uncaught (in promise) ConnectError: startupCode: 200, error = {
  statusCode = 403
  status = {
    Aj = {
      0 = 7
      1 = "The caller does not have permission"
      closure_uid_472398124 = 17
    }
    closure_uid_472398124 = 16
    yc = "v3Bbmc"
  }
  extraData = {
    Wxb = 39
    ZQa = undefined
    closure_uid_472398124 = 18
  }
  name = "GrpcErrorResponse"
  headers = {
    alt-svc = "h3=":443"; ma=2592000,h3-29=":443"; ma=2592000"
    content-encoding = "gzip"
    content-length = "59"
    content-type = "application/x-protobuf"
    date = "Sun, 30 Mar 2025 20:58:01 GMT"
    server = "ESF"
    vary = "Origin, X-Origin, Referer"
    x-content-type-options = "nosniff"
    x-frame-options = "SAMEORIGIN"
    x-l2-request-path = "l2-managed-9"
    x-xss-protection = "0"
    closure_uid_472398124 = 19
  }
  closure_uid_472398124 = 15
}", source: https://meet.google.com/_/scs/mss-static/_/js/k=boq-rtc.MeetingsUi.en_US.Afx2rOZFnKs.2020.O/ck=boq-rtc.MeetingsUi.WeXtDzkXW3g.L.B1.O/am=ZrwHAAGAIIAAMAcGgAAAIAQAZQBApAACDwwgAPLgAAhgAAAAAIAlKSIEAAAEaQAAEAD0A-4wggAEgAE/d=1/exm=A4UTCb,A5iG7e,A7fCU,ALJJub,Af18Qe,Af2VCc,AqUZy,BVgquf,CDstLe,CJeEuc,CrPWbe,DqbA0b,EFQ78c,EmRN4e,FSOnAf,FU117c,Fl2dbf,GJVpQd,GkRiKb,H9H6ie,I4aMuc,IHpeje,INwHbf,IZT63,Ivl8bd,J9PVmc,JGjVRe,JNoxi,JceZD,K4NgS,KMpyYe,KUM7Z,L1AAkb,LBaJxb,LEikZe,LvGhrf,MH0hJe,MI6k7c,MVkoYc,MdUzUe,MpJwZc,NwH0H,O1Gjze,O626Fe,O6y8ed,OMHQQd,OTA3Ae,Ot0YQ,P6sQOc,PAXA6c,PkooVe,PrPYRd,QIBHcd,QIhFr,QOUFuc,QQnX0,QcfBve,Qx89kd,R1C50e,RMhBfe,RiINWe,RqjULd,RwrTe,RyvaUb,SdcwHb,SpsfSb,UUJqVe,Uas9Hd,UcUJif,Ulmmrd,V3dDOb,VXdfxd,W4c4Lb,WO9ee,WdGZAb,XCoqFe,XU5LFb,XVMNvd,XhPxYe,Z5uLle,ZDZcre,Zj6VZd,ZwDk9d,_b,_tp,aCBidb,aW3pY,byfTOb,cQllkb,ceF0cf,cfcnLe,d8M4Mc,dtQcwe,dyDNGc,e5qFLc,en2VH,fjbyL,g9HNd,gJzDyc,gychg,hIO81e,hItSFb,hKCjub,hKSk3e,hS0dzd,hc6Ubd,hl,i8oNZb,ix2CXc,kRDR8c,keNb9b,kgMFLe,kjKdXe,lazG7b,lfpdyf,lsjVmc,lwddkf,m9oV,mI3LFb,mSX26d,mdR7q,mzzZzc,n73qwf,ncpZGe,nokbA,o72XM,oJz28e,oL8w7b,oNfeAd,oSEAfc,oc9Zo,p3hmRc,pA398e,pjICDe,pvxRAf,pw70Gc,q0xTif,q54pYe,qUYJve,rCcCxc,rGxly,rm2zn,s39S4,sOXFj,sszRX,tLr4ud,texUgd,uHu91b,v3i0Z,vcMNpd,vyDpFd,w4Dafe,w9hDv,wdAvhd,wmnU7d,ws9Tlc,xQtZb,xUdipf,xXfMPe,yf5KH,zH4D3d,zbML3c,zj6ZKd,zr1jrb/excm=_b,_tp,calldesktoppageview/ed=1/br=1/wt=2/ujg=1/rs=AL5CKSHwRoly5mu5kjDK5m5Dt-lGrkwzYA/ee=AM9HZd:vCak4b;BRmVff:HS5Yaf;BjCzpe:Yvr34d;Bnf5Lc:iPDrZd;CDC4qf:q6fE0e;CMRktf:sGrqec;DGWCxb:CgYiQ;E1tgbf:hMxPK;EAoUvb:aKikzb;EVNhjf:pw70Gc;EfKZq:QO2YB;EmZ2Bf:zr1jrb;GKUnZb:WNRENb;GmdGTd:Ct4wsb;IXc14:VZgraf;J9XQCb:ojlpPe;JLGZx:oSnDHf;JsINff:yeaFZ;JsbNhc:Xd8iUd;K5nYTd:ZDZcre;KKym4b:dTTbnb;KNpT6b:iSCite;KgXQpf:pQJdrb;LBgRLc:SdcwHb;LQJKcd:WuS5Ye;MJ6mxb:ubdYZ;Me32dd:MEeYgc;N8ehxe:AKukpf;NAHCGe:mxiOOb;NPKaK:SdcwHb;NSEoX:lazG7b;OOoYAb:Oj9pPe;PRDQhf:ux3mLc;PgXDBd:dm1dhc;Pjplud:EEDORb;QGR0gd:Mlhmy;QhhnXd:UqJYYe;RRwdt:gGRuRe;RYWUUc:anescc;Rh5nIc:JScXmc;SIjcAd:jrKD8b;SL22ab:CBRamd;SNUn3:ZwDk9d;SVOR2e:RqS4qe;SVvzme:BPB8ib;ScI3Yc:e7Hzgb;Szy1cf:nBpGQ;TB8xhd:AGa58c;ULs67c:bdUBJc;Up9aO:kY43Sc;Uvc8o:VDovNc;V7j7Sb:stsTjb;VJwZIe:q5U1uf;X6zUkd:u0z0vd;XSYl9e:GNVVIb;YBlgBf:LMo5Id;YIZmRd:A1yn5d;Ycdno:rkQZze;YfZO5c:CVuqWd;ZE1Tgd:kZF9ne;ZGeKvd:rb5w8b;ZT1aHd:g7FNPe;ZaFVgc:wOWhl;ZjyI3e:W2v6fc;a56pNe:JEfCwb;aPdIxb:F52gIc;bS8oAe:Kimhwf;brg6Gd:TlvL3b;cEt90b:ws9Tlc;cFl0Ie:PWJipc;cJj1Kd:A5k23d;cYTQve:GhXhl;cgbTHc:G8ycZ;dDPGef:IiQq4e;dIoSBb:SpsfSb;dYFttf:ZRxAzc;dowIGb:ebZ3mb;eBAeSb:zbML3c;esl3oe:Qz2vJf;g2wfV:DcDVld;gAClPb:ghdkwd;giw6qf:E7GzYd;hgud7d:GNh0Qc;hoquJe:EjBUIf;iFQyKf:QIhFr;iKsOgb:cWjcJb;jRrT5d:EHUI2d;jg0vue:iItGlf;jtBjNe:dWHZee;kNqx7b:gzp7wb;kqpyR:qIJF2;l4RAwd:h5Fnie;l6twR:Fvyyad;lJ7cgb:Erp0q;lOO0Vd:OTA3Ae;lx9iFf:nVFiIc;m4bwx:htQxyf;nAFL3:s39S4;oFd48c:l7VM1e;oGtAuc:sOXFj;p0iB4:VQhtq;pXdRYb:MdUzUe;qSBODf:H8X5pc;qafBPd:yDVVkb;qddgKe:xQtZb;qgOdad:vko54d;rUAape:NePQb;rWx8Cc:DxgUF;rarsed:Mb2qyd;rpiri:tZyrxe;sgnAWd:HkSoT;ssiZFc:BhQ85d;vKM7Jb:cWjcJb;w1T0Td:xpWMVc;wR5FRb:O1Gjze;x2i2de:zeWni;x4CZme:lCtfC;xbOSgd:e5G55;xqZiqf:wmnU7d;ye9FMd:KC9GA;yxTchf:KUM7Z;zBvUNc:fT8Mbb;zJxI2:kxz7Nb;zxnPse:GkRiKb/m=yEk6Te,xbDtq,CqZKyc,IC29Ne,FH3f2d,FNEVwb,JTBQeb,EbM8gf,gJHvUb,c4XQ6d?wli=MeetingsUi.TfFAuUBkOAg.loadAudioAnalyzer.O%3A%3BMeetingsUi.wjLXFhg4IAc.loadNetEqLyraWrapper.O%3A%3BMeetingsUi.ji-HOGphaxQ.loadNetEqWrapper.O%3A%3B (544)
[12840:7080:0330/165800.683:INFO:CONSOLE(3397)] "Uncaught (in promise) CustomError: dh", source: https://meet.google.com/_/scs/mss-static/_/js/k=boq-rtc.MeetingsUi.en_US.Afx2rOZFnKs.2020.O/ck=boq-rtc.MeetingsUi.WeXtDzkXW3g.L.B1.O/am=ZrwHAAGAIIAAMAcGgAAAIAQAZQBApAACDwwgAPLgAAhgAAAAAIAlKSIEAAAEaQAAEAD0A-4wggAEgAE/d=1/exm=LEikZe,_b,_tp,byfTOb,lsjVmc/excm=_b,_tp,calldesktoppageview/ed=1/br=1/wt=2/ujg=1/rs=AL5CKSHwRoly5mu5kjDK5m5Dt-lGrkwzYA/ee=AM9HZd:vCak4b;BRmVff:HS5Yaf;BjCzpe:Yvr34d;Bnf5Lc:iPDrZd;CDC4qf:q6fE0e;CMRktf:sGrqec;DGWCxb:CgYiQ;E1tgbf:hMxPK;EAoUvb:aKikzb;EVNhjf:pw70Gc;EfKZq:QO2YB;EmZ2Bf:zr1jrb;GKUnZb:WNRENb;GmdGTd:Ct4wsb;IXc14:VZgraf;J9XQCb:ojlpPe;JLGZx:oSnDHf;JsINff:yeaFZ;JsbNhc:Xd8iUd;K5nYTd:ZDZcre;KKym4b:dTTbnb;KNpT6b:iSCite;KgXQpf:pQJdrb;LBgRLc:SdcwHb;LQJKcd:WuS5Ye;MJ6mxb:ubdYZ;Me32dd:MEeYgc;N8ehxe:AKukpf;NAHCGe:mxiOOb;NPKaK:SdcwHb;NSEoX:lazG7b;OOoYAb:Oj9pPe;PRDQhf:ux3mLc;PgXDBd:dm1dhc;Pjplud:EEDORb;QGR0gd:Mlhmy;QhhnXd:UqJYYe;RRwdt:gGRuRe;RYWUUc:anescc;Rh5nIc:JScXmc;SIjcAd:jrKD8b;SL22ab:CBRamd;SNUn3:ZwDk9d;SVOR2e:RqS4qe;SVvzme:BPB8ib;ScI3Yc:e7Hzgb;Szy1cf:nBpGQ;TB8xhd:AGa58c;ULs67c:bdUBJc;Up9aO:kY43Sc;Uvc8o:VDovNc;V7j7Sb:stsTjb;VJwZIe:q5U1uf;X6zUkd:u0z0vd;XSYl9e:GNVVIb;YBlgBf:LMo5Id;YIZmRd:A1yn5d;Ycdno:rkQZze;YfZO5c:CVuqWd;ZE1Tgd:kZF9ne;ZGeKvd:rb5w8b;ZT1aHd:g7FNPe;ZaFVgc:wOWhl;ZjyI3e:W2v6fc;a56pNe:JEfCwb;aPdIxb:F52gIc;bS8oAe:Kimhwf;brg6Gd:TlvL3b;cEt90b:ws9Tlc;cFl0Ie:PWJipc;cJj1Kd:A5k23d;cYTQve:GhXhl;cgbTHc:G8ycZ;dDPGef:IiQq4e;dIoSBb:SpsfSb;dYFttf:ZRxAzc;dowIGb:ebZ3mb;eBAeSb:zbML3c;esl3oe:Qz2vJf;g2wfV:DcDVld;gAClPb:ghdkwd;giw6qf:E7GzYd;hgud7d:GNh0Qc;hoquJe:EjBUIf;iFQyKf:QIhFr;iKsOgb:cWjcJb;jRrT5d:EHUI2d;jg0vue:iItGlf;jtBjNe:dWHZee;kNqx7b:gzp7wb;kqpyR:qIJF2;l4RAwd:h5Fnie;l6twR:Fvyyad;lJ7cgb:Erp0q;lOO0Vd:OTA3Ae;lx9iFf:nVFiIc;m4bwx:htQxyf;nAFL3:s39S4;oFd48c:l7VM1e;oGtAuc:sOXFj;p0iB4:VQhtq;pXdRYb:MdUzUe;qSBODf:H8X5pc;qafBPd:yDVVkb;qddgKe:xQtZb;qgOdad:vko54d;rUAape:NePQb;rWx8Cc:DxgUF;rarsed:Mb2qyd;rpiri:tZyrxe;sgnAWd:HkSoT;ssiZFc:BhQ85d;vKM7Jb:cWjcJb;w1T0Td:xpWMVc;wR5FRb:O1Gjze;x2i2de:zeWni;x4CZme:lCtfC;xbOSgd:e5G55;xqZiqf:wmnU7d;ye9FMd:KC9GA;yxTchf:KUM7Z;zBvUNc:fT8Mbb;zJxI2:kxz7Nb;zxnPse:GkRiKb/m=ws9Tlc,n73qwf,GkRiKb,e5qFLc,IZT63,UUJqVe,O1Gjze,xUdipf,ZDZcre,OTA3Ae,ZwDk9d,RyvaUb,mI3LFb,XU5LFb,m9oV,hl,P6sQOc,QcfBve,mzzZzc,rCcCxc,mSX26d,WO9ee,JGjVRe,en2VH,ALJJub,ncpZGe,kRDR8c,H9H6ie,sszRX,FU117c,QQnX0,uHu91b,kgMFLe,hKCjub,CJeEuc,O6y8ed,PrPYRd,MpJwZc,NwH0H,V3dDOb,lazG7b,Ivl8bd,g9HNd,XVMNvd,L1AAkb,KUM7Z,Fl2dbf,s39S4,lwddkf,gychg,w9hDv,RMhBfe,SdcwHb,aW3pY,texUgd,pw70Gc,EFQ78c,Ulmmrd,A7fCU,mdR7q,wmnU7d,xQtZb,FSOnAf,gJzDyc,JNoxi,MI6k7c,kjKdXe,BVgquf,QIhFr,lfpdyf,hKSk3e,hc6Ubd,SpsfSb,Z5uLle,MdUzUe,zbML3c,zr1jrb,Uas9Hd,pjICDe?wli=MeetingsUi.TfFAuUBkOAg.loadAudioAnalyzer.O%3A%3BMeetingsUi.wjLXFhg4IAc.loadNetEqLyraWrapper.O%3A%3BMeetingsUi.ji-HOGphaxQ.loadNetEqWrapper.O%3A%3B (3397)
[12840:7080:0330/165800.685:INFO:CONSOLE(4255)] "Uncaught (in promise) DisconnectedError: DisconnectedError, EndCause = 72", source: https://meet.google.com/_/scs/mss-static/_/js/k=boq-rtc.MeetingsUi.en_US.Afx2rOZFnKs.2020.O/ck=boq-rtc.MeetingsUi.WeXtDzkXW3g.L.B1.O/am=ZrwHAAGAIIAAMAcGgAAAIAQAZQBApAACDwwgAPLgAAhgAAAAAIAlKSIEAAAEaQAAEAD0A-4wggAEgAE/d=1/exm=LEikZe,_b,_tp,byfTOb,lsjVmc/excm=_b,_tp,calldesktoppageview/ed=1/br=1/wt=2/ujg=1/rs=AL5CKSHwRoly5mu5kjDK5m5Dt-lGrkwzYA/ee=AM9HZd:vCak4b;BRmVff:HS5Yaf;BjCzpe:Yvr34d;Bnf5Lc:iPDrZd;CDC4qf:q6fE0e;CMRktf:sGrqec;DGWCxb:CgYiQ;E1tgbf:hMxPK;EAoUvb:aKikzb;EVNhjf:pw70Gc;EfKZq:QO2YB;EmZ2Bf:zr1jrb;GKUnZb:WNRENb;GmdGTd:Ct4wsb;IXc14:VZgraf;J9XQCb:ojlpPe;JLGZx:oSnDHf;JsINff:yeaFZ;JsbNhc:Xd8iUd;K5nYTd:ZDZcre;KKym4b:dTTbnb;KNpT6b:iSCite;KgXQpf:pQJdrb;LBgRLc:SdcwHb;LQJKcd:WuS5Ye;MJ6mxb:ubdYZ;Me32dd:MEeYgc;N8ehxe:AKukpf;NAHCGe:mxiOOb;NPKaK:SdcwHb;NSEoX:lazG7b;OOoYAb:Oj9pPe;PRDQhf:ux3mLc;PgXDBd:dm1dhc;Pjplud:EEDORb;QGR0gd:Mlhmy;QhhnXd:UqJYYe;RRwdt:gGRuRe;RYWUUc:anescc;Rh5nIc:JScXmc;SIjcAd:jrKD8b;SL22ab:CBRamd;SNUn3:ZwDk9d;SVOR2e:RqS4qe;SVvzme:BPB8ib;ScI3Yc:e7Hzgb;Szy1cf:nBpGQ;TB8xhd:AGa58c;ULs67c:bdUBJc;Up9aO:kY43Sc;Uvc8o:VDovNc;V7j7Sb:stsTjb;VJwZIe:q5U1uf;X6zUkd:u0z0vd;XSYl9e:GNVVIb;YBlgBf:LMo5Id;YIZmRd:A1yn5d;Ycdno:rkQZze;YfZO5c:CVuqWd;ZE1Tgd:kZF9ne;ZGeKvd:rb5w8b;ZT1aHd:g7FNPe;ZaFVgc:wOWhl;ZjyI3e:W2v6fc;a56pNe:JEfCwb;aPdIxb:F52gIc;bS8oAe:Kimhwf;brg6Gd:TlvL3b;cEt90b:ws9Tlc;cFl0Ie:PWJipc;cJj1Kd:A5k23d;cYTQve:GhXhl;cgbTHc:G8ycZ;dDPGef:IiQq4e;dIoSBb:SpsfSb;dYFttf:ZRxAzc;dowIGb:ebZ3mb;eBAeSb:zbML3c;esl3oe:Qz2vJf;g2wfV:DcDVld;gAClPb:ghdkwd;giw6qf:E7GzYd;hgud7d:GNh0Qc;hoquJe:EjBUIf;iFQyKf:QIhFr;iKsOgb:cWjcJb;jRrT5d:EHUI2d;jg0vue:iItGlf;jtBjNe:dWHZee;kNqx7b:gzp7wb;kqpyR:qIJF2;l4RAwd:h5Fnie;l6twR:Fvyyad;lJ7cgb:Erp0q;lOO0Vd:OTA3Ae;lx9iFf:nVFiIc;m4bwx:htQxyf;nAFL3:s39S4;oFd48c:l7VM1e;oGtAuc:sOXFj;p0iB4:VQhtq;pXdRYb:MdUzUe;qSBODf:H8X5pc;qafBPd:yDVVkb;qddgKe:xQtZb;qgOdad:vko54d;rUAape:NePQb;rWx8Cc:DxgUF;rarsed:Mb2qyd;rpiri:tZyrxe;sgnAWd:HkSoT;ssiZFc:BhQ85d;vKM7Jb:cWjcJb;w1T0Td:xpWMVc;wR5FRb:O1Gjze;x2i2de:zeWni;x4CZme:lCtfC;xbOSgd:e5G55;xqZiqf:wmnU7d;ye9FMd:KC9GA;yxTchf:KUM7Z;zBvUNc:fT8Mbb;zJxI2:kxz7Nb;zxnPse:GkRiKb/m=ws9Tlc,n73qwf,GkRiKb,e5qFLc,IZT63,UUJqVe,O1Gjze,xUdipf,ZDZcre,OTA3Ae,ZwDk9d,RyvaUb,mI3LFb,XU5LFb,m9oV,hl,P6sQOc,QcfBve,mzzZzc,rCcCxc,mSX26d,WO9ee,JGjVRe,en2VH,ALJJub,ncpZGe,kRDR8c,H9H6ie,sszRX,FU117c,QQnX0,uHu91b,kgMFLe,hKCjub,CJeEuc,O6y8ed,PrPYRd,MpJwZc,NwH0H,V3dDOb,lazG7b,Ivl8bd,g9HNd,XVMNvd,L1AAkb,KUM7Z,Fl2dbf,s39S4,lwddkf,gychg,w9hDv,RMhBfe,SdcwHb,aW3pY,texUgd,pw70Gc,EFQ78c,Ulmmrd,A7fCU,mdR7q,wmnU7d,xQtZb,FSOnAf,gJzDyc,JNoxi,MI6k7c,kjKdXe,BVgquf,QIhFr,lfpdyf,hKSk3e,hc6Ubd,SpsfSb,Z5uLle,MdUzUe,zbML3c,zr1jrb,Uas9Hd,pjICDe?wli=MeetingsUi.TfFAuUBkOAg.loadAudioAnalyzer.O%3A%3BMeetingsUi.wjLXFhg4IAc.loadNetEqLyraWrapper.O%3A%3BMeetingsUi.ji-HOGphaxQ.loadNetEqWrapper.O%3A%3B (4255)
[12840:7080:0330/165800.686:INFO:CONSOLE(4255)] "Uncaught (in promise) DisconnectedError: DisconnectedError, EndCause = 72", source: https://meet.google.com/_/scs/mss-static/_/js/k=boq-rtc.MeetingsUi.en_US.Afx2rOZFnKs.2020.O/ck=boq-rtc.MeetingsUi.WeXtDzkXW3g.L.B1.O/am=ZrwHAAGAIIAAMAcGgAAAIAQAZQBApAACDwwgAPLgAAhgAAAAAIAlKSIEAAAEaQAAEAD0A-4wggAEgAE/d=1/exm=LEikZe,_b,_tp,byfTOb,lsjVmc/excm=_b,_tp,calldesktoppageview/ed=1/br=1/wt=2/ujg=1/rs=AL5CKSHwRoly5mu5kjDK5m5Dt-lGrkwzYA/ee=AM9HZd:vCak4b;BRmVff:HS5Yaf;BjCzpe:Yvr34d;Bnf5Lc:iPDrZd;CDC4qf:q6fE0e;CMRktf:sGrqec;DGWCxb:CgYiQ;E1tgbf:hMxPK;EAoUvb:aKikzb;EVNhjf:pw70Gc;EfKZq:QO2YB;EmZ2Bf:zr1jrb;GKUnZb:WNRENb;GmdGTd:Ct4wsb;IXc14:VZgraf;J9XQCb:ojlpPe;JLGZx:oSnDHf;JsINff:yeaFZ;JsbNhc:Xd8iUd;K5nYTd:ZDZcre;KKym4b:dTTbnb;KNpT6b:iSCite;KgXQpf:pQJdrb;LBgRLc:SdcwHb;LQJKcd:WuS5Ye;MJ6mxb:ubdYZ;Me32dd:MEeYgc;N8ehxe:AKukpf;NAHCGe:mxiOOb;NPKaK:SdcwHb;NSEoX:lazG7b;OOoYAb:Oj9pPe;PRDQhf:ux3mLc;PgXDBd:dm1dhc;Pjplud:EEDORb;QGR0gd:Mlhmy;QhhnXd:UqJYYe;RRwdt:gGRuRe;RYWUUc:anescc;Rh5nIc:JScXmc;SIjcAd:jrKD8b;SL22ab:CBRamd;SNUn3:ZwDk9d;SVOR2e:RqS4qe;SVvzme:BPB8ib;ScI3Yc:e7Hzgb;Szy1cf:nBpGQ;TB8xhd:AGa58c;ULs67c:bdUBJc;Up9aO:kY43Sc;Uvc8o:VDovNc;V7j7Sb:stsTjb;VJwZIe:q5U1uf;X6zUkd:u0z0vd;XSYl9e:GNVVIb;YBlgBf:LMo5Id;YIZmRd:A1yn5d;Ycdno:rkQZze;YfZO5c:CVuqWd;ZE1Tgd:kZF9ne;ZGeKvd:rb5w8b;ZT1aHd:g7FNPe;ZaFVgc:wOWhl;ZjyI3e:W2v6fc;a56pNe:JEfCwb;aPdIxb:F52gIc;bS8oAe:Kimhwf;brg6Gd:TlvL3b;cEt90b:ws9Tlc;cFl0Ie:PWJipc;cJj1Kd:A5k23d;cYTQve:GhXhl;cgbTHc:G8ycZ;dDPGef:IiQq4e;dIoSBb:SpsfSb;dYFttf:ZRxAzc;dowIGb:ebZ3mb;eBAeSb:zbML3c;esl3oe:Qz2vJf;g2wfV:DcDVld;gAClPb:ghdkwd;giw6qf:E7GzYd;hgud7d:GNh0Qc;hoquJe:EjBUIf;iFQyKf:QIhFr;iKsOgb:cWjcJb;jRrT5d:EHUI2d;jg0vue:iItGlf;jtBjNe:dWHZee;kNqx7b:gzp7wb;kqpyR:qIJF2;l4RAwd:h5Fnie;l6twR:Fvyyad;lJ7cgb:Erp0q;lOO0Vd:OTA3Ae;lx9iFf:nVFiIc;m4bwx:htQxyf;nAFL3:s39S4;oFd48c:l7VM1e;oGtAuc:sOXFj;p0iB4:VQhtq;pXdRYb:MdUzUe;qSBODf:H8X5pc;qafBPd:yDVVkb;qddgKe:xQtZb;qgOdad:vko54d;rUAape:NePQb;rWx8Cc:DxgUF;rarsed:Mb2qyd;rpiri:tZyrxe;sgnAWd:HkSoT;ssiZFc:BhQ85d;vKM7Jb:cWjcJb;w1T0Td:xpWMVc;wR5FRb:O1Gjze;x2i2de:zeWni;x4CZme:lCtfC;xbOSgd:e5G55;xqZiqf:wmnU7d;ye9FMd:KC9GA;yxTchf:KUM7Z;zBvUNc:fT8Mbb;zJxI2:kxz7Nb;zxnPse:GkRiKb/m=ws9Tlc,n73qwf,GkRiKb,e5qFLc,IZT63,UUJqVe,O1Gjze,xUdipf,ZDZcre,OTA3Ae,ZwDk9d,RyvaUb,mI3LFb,XU5LFb,m9oV,hl,P6sQOc,QcfBve,mzzZzc,rCcCxc,mSX26d,WO9ee,JGjVRe,en2VH,ALJJub,ncpZGe,kRDR8c,H9H6ie,sszRX,FU117c,QQnX0,uHu91b,kgMFLe,hKCjub,CJeEuc,O6y8ed,PrPYRd,MpJwZc,NwH0H,V3dDOb,lazG7b,Ivl8bd,g9HNd,XVMNvd,L1AAkb,KUM7Z,Fl2dbf,s39S4,lwddkf,gychg,w9hDv,RMhBfe,SdcwHb,aW3pY,texUgd,pw70Gc,EFQ78c,Ulmmrd,A7fCU,mdR7q,wmnU7d,xQtZb,FSOnAf,gJzDyc,JNoxi,MI6k7c,kjKdXe,BVgquf,QIhFr,lfpdyf,hKSk3e,hc6Ubd,SpsfSb,Z5uLle,MdUzUe,zbML3c,zr1jrb,Uas9Hd,pjICDe?wli=MeetingsUi.TfFAuUBkOAg.loadAudioAnalyzer.O%3A%3BMeetingsUi.wjLXFhg4IAc.loadNetEqLyraWrapper.O%3A%3BMeetingsUi.ji-HOGphaxQ.loadNetEqWrapper.O%3A%3B (4255)
[12840:7080:0330/165800.688:INFO:CONSOLE(4255)] "Uncaught (in promise) DisconnectedError: DisconnectedError, EndCause = 72", source: https://meet.google.com/_/scs/mss-static/_/js/k=boq-rtc.MeetingsUi.en_US.Afx2rOZFnKs.2020.O/ck=boq-rtc.MeetingsUi.WeXtDzkXW3g.L.B1.O/am=ZrwHAAGAIIAAMAcGgAAAIAQAZQBApAACDwwgAPLgAAhgAAAAAIAlKSIEAAAEaQAAEAD0A-4wggAEgAE/d=1/exm=LEikZe,_b,_tp,byfTOb,lsjVmc/excm=_b,_tp,calldesktoppageview/ed=1/br=1/wt=2/ujg=1/rs=AL5CKSHwRoly5mu5kjDK5m5Dt-lGrkwzYA/ee=AM9HZd:vCak4b;BRmVff:HS5Yaf;BjCzpe:Yvr34d;Bnf5Lc:iPDrZd;CDC4qf:q6fE0e;CMRktf:sGrqec;DGWCxb:CgYiQ;E1tgbf:hMxPK;EAoUvb:aKikzb;EVNhjf:pw70Gc;EfKZq:QO2YB;EmZ2Bf:zr1jrb;GKUnZb:WNRENb;GmdGTd:Ct4wsb;IXc14:VZgraf;J9XQCb:ojlpPe;JLGZx:oSnDHf;JsINff:yeaFZ;JsbNhc:Xd8iUd;K5nYTd:ZDZcre;KKym4b:dTTbnb;KNpT6b:iSCite;KgXQpf:pQJdrb;LBgRLc:SdcwHb;LQJKcd:WuS5Ye;MJ6mxb:ubdYZ;Me32dd:MEeYgc;N8ehxe:AKukpf;NAHCGe:mxiOOb;NPKaK:SdcwHb;NSEoX:lazG7b;OOoYAb:Oj9pPe;PRDQhf:ux3mLc;PgXDBd:dm1dhc;Pjplud:EEDORb;QGR0gd:Mlhmy;QhhnXd:UqJYYe;RRwdt:gGRuRe;RYWUUc:anescc;Rh5nIc:JScXmc;SIjcAd:jrKD8b;SL22ab:CBRamd;SNUn3:ZwDk9d;SVOR2e:RqS4qe;SVvzme:BPB8ib;ScI3Yc:e7Hzgb;Szy1cf:nBpGQ;TB8xhd:AGa58c;ULs67c:bdUBJc;Up9aO:kY43Sc;Uvc8o:VDovNc;V7j7Sb:stsTjb;VJwZIe:q5U1uf;X6zUkd:u0z0vd;XSYl9e:GNVVIb;YBlgBf:LMo5Id;YIZmRd:A1yn5d;Ycdno:rkQZze;YfZO5c:CVuqWd;ZE1Tgd:kZF9ne;ZGeKvd:rb5w8b;ZT1aHd:g7FNPe;ZaFVgc:wOWhl;ZjyI3e:W2v6fc;a56pNe:JEfCwb;aPdIxb:F52gIc;bS8oAe:Kimhwf;brg6Gd:TlvL3b;cEt90b:ws9Tlc;cFl0Ie:PWJipc;cJj1Kd:A5k23d;cYTQve:GhXhl;cgbTHc:G8ycZ;dDPGef:IiQq4e;dIoSBb:SpsfSb;dYFttf:ZRxAzc;dowIGb:ebZ3mb;eBAeSb:zbML3c;esl3oe:Qz2vJf;g2wfV:DcDVld;gAClPb:ghdkwd;giw6qf:E7GzYd;hgud7d:GNh0Qc;hoquJe:EjBUIf;iFQyKf:QIhFr;iKsOgb:cWjcJb;jRrT5d:EHUI2d;jg0vue:iItGlf;jtBjNe:dWHZee;kNqx7b:gzp7wb;kqpyR:qIJF2;l4RAwd:h5Fnie;l6twR:Fvyyad;lJ7cgb:Erp0q;lOO0Vd:OTA3Ae;lx9iFf:nVFiIc;m4bwx:htQxyf;nAFL3:s39S4;oFd48c:l7VM1e;oGtAuc:sOXFj;p0iB4:VQhtq;pXdRYb:MdUzUe;qSBODf:H8X5pc;qafBPd:yDVVkb;qddgKe:xQtZb;qgOdad:vko54d;rUAape:NePQb;rWx8Cc:DxgUF;rarsed:Mb2qyd;rpiri:tZyrxe;sgnAWd:HkSoT;ssiZFc:BhQ85d;vKM7Jb:cWjcJb;w1T0Td:xpWMVc;wR5FRb:O1Gjze;x2i2de:zeWni;x4CZme:lCtfC;xbOSgd:e5G55;xqZiqf:wmnU7d;ye9FMd:KC9GA;yxTchf:KUM7Z;zBvUNc:fT8Mbb;zJxI2:kxz7Nb;zxnPse:GkRiKb/m=ws9Tlc,n73qwf,GkRiKb,e5qFLc,IZT63,UUJqVe,O1Gjze,xUdipf,ZDZcre,OTA3Ae,ZwDk9d,RyvaUb,mI3LFb,XU5LFb,m9oV,hl,P6sQOc,QcfBve,mzzZzc,rCcCxc,mSX26d,WO9ee,JGjVRe,en2VH,ALJJub,ncpZGe,kRDR8c,H9H6ie,sszRX,FU117c,QQnX0,uHu91b,kgMFLe,hKCjub,CJeEuc,O6y8ed,PrPYRd,MpJwZc,NwH0H,V3dDOb,lazG7b,Ivl8bd,g9HNd,XVMNvd,L1AAkb,KUM7Z,Fl2dbf,s39S4,lwddkf,gychg,w9hDv,RMhBfe,SdcwHb,aW3pY,texUgd,pw70Gc,EFQ78c,Ulmmrd,A7fCU,mdR7q,wmnU7d,xQtZb,FSOnAf,gJzDyc,JNoxi,MI6k7c,kjKdXe,BVgquf,QIhFr,lfpdyf,hKSk3e,hc6Ubd,SpsfSb,Z5uLle,MdUzUe,zbML3c,zr1jrb,Uas9Hd,pjICDe?wli=MeetingsUi.TfFAuUBkOAg.loadAudioAnalyzer.O%3A%3BMeetingsUi.wjLXFhg4IAc.loadNetEqLyraWrapper.O%3A%3BMeetingsUi.ji-HOGphaxQ.loadNetEqWrapper.O%3A%3B (4255)
[12840:7080:0330/165800.689:INFO:CONSOLE(291)] "Uncaught (in promise) cancel: Disposed before init", source: https://meet.google.com/_/scs/mss-static/_/js/k=boq-rtc.MeetingsUi.en_US.Afx2rOZFnKs.2020.O/am=ZrwHAAGAIIAAMAcGgAAAIAQAZQBApAACDwwgAPLgAAhgAAAAAIAlKSIEAAAEaQAAEAD0A-4wggAEgAE/d=1/excm=_b,_tp,calldesktoppageview/ed=1/dg=0/br=1/wt=2/ujg=1/rs=AL5CKSGkeNLIjIS5FrAz12W7lUNceiq6Jw/m=_b,_tp?wli=MeetingsUi.TfFAuUBkOAg.loadAudioAnalyzer.O%3A%3BMeetingsUi.wjLXFhg4IAc.loadNetEqLyraWrapper.O%3A%3BMeetingsUi.ji-HOGphaxQ.loadNetEqWrapper.O%3A%3B (291)
[12840:7080:0330/165800.689:INFO:CONSOLE(291)] "Uncaught (in promise) cancel: Disposed before init", source: https://meet.google.com/_/scs/mss-static/_/js/k=boq-rtc.MeetingsUi.en_US.Afx2rOZFnKs.2020.O/am=ZrwHAAGAIIAAMAcGgAAAIAQAZQBApAACDwwgAPLgAAhgAAAAAIAlKSIEAAAEaQAAEAD0A-4wggAEgAE/d=1/excm=_b,_tp,calldesktoppageview/ed=1/dg=0/br=1/wt=2/ujg=1/rs=AL5CKSGkeNLIjIS5FrAz12W7lUNceiq6Jw/m=_b,_tp?wli=MeetingsUi.TfFAuUBkOAg.loadAudioAnalyzer.O%3A%3BMeetingsUi.wjLXFhg4IAc.loadNetEqLyraWrapper.O%3A%3BMeetingsUi.ji-HOGphaxQ.loadNetEqWrapper.O%3A%3B (291)
[12840:7080:0330/165800.689:INFO:CONSOLE(291)] "Uncaught (in promise) cancel: Disposed before init", source: https://meet.google.com/_/scs/mss-static/_/js/k=boq-rtc.MeetingsUi.en_US.Afx2rOZFnKs.2020.O/am=ZrwHAAGAIIAAMAcGgAAAIAQAZQBApAACDwwgAPLgAAhgAAAAAIAlKSIEAAAEaQAAEAD0A-4wggAEgAE/d=1/excm=_b,_tp,calldesktoppageview/ed=1/dg=0/br=1/wt=2/ujg=1/rs=AL5CKSGkeNLIjIS5FrAz12W7lUNceiq6Jw/m=_b,_tp?wli=MeetingsUi.TfFAuUBkOAg.loadAudioAnalyzer.O%3A%3BMeetingsUi.wjLXFhg4IAc.loadNetEqLyraWrapper.O%3A%3BMeetingsUi.ji-HOGphaxQ.loadNetEqWrapper.O%3A%3B (291)
[12840:7080:0330/165800.690:INFO:CONSOLE(291)] "Uncaught (in promise) cancel: Disposed before init", source: https://meet.google.com/_/scs/mss-static/_/js/k=boq-rtc.MeetingsUi.en_US.Afx2rOZFnKs.2020.O/am=ZrwHAAGAIIAAMAcGgAAAIAQAZQBApAACDwwgAPLgAAhgAAAAAIAlKSIEAAAEaQAAEAD0A-4wggAEgAE/d=1/excm=_b,_tp,calldesktoppageview/ed=1/dg=0/br=1/wt=2/ujg=1/rs=AL5CKSGkeNLIjIS5FrAz12W7lUNceiq6Jw/m=_b,_tp?wli=MeetingsUi.TfFAuUBkOAg.loadAudioAnalyzer.O%3A%3BMeetingsUi.wjLXFhg4IAc.loadNetEqLyraWrapper.O%3A%3BMeetingsUi.ji-HOGphaxQ.loadNetEqWrapper.O%3A%3B (291)
[12840:7080:0330/165800.690:INFO:CONSOLE(291)] "Uncaught (in promise) cancel: Signal asynchronously disposed", source: https://meet.google.com/_/scs/mss-static/_/js/k=boq-rtc.MeetingsUi.en_US.Afx2rOZFnKs.2020.O/am=ZrwHAAGAIIAAMAcGgAAAIAQAZQBApAACDwwgAPLgAAhgAAAAAIAlKSIEAAAEaQAAEAD0A-4wggAEgAE/d=1/excm=_b,_tp,calldesktoppageview/ed=1/dg=0/br=1/wt=2/ujg=1/rs=AL5CKSGkeNLIjIS5FrAz12W7lUNceiq6Jw/m=_b,_tp?wli=MeetingsUi.TfFAuUBkOAg.loadAudioAnalyzer.O%3A%3BMeetingsUi.wjLXFhg4IAc.loadNetEqLyraWrapper.O%3A%3BMeetingsUi.ji-HOGphaxQ.loadNetEqWrapper.O%3A%3B (291)
[12840:7080:0330/165800.691:INFO:CONSOLE(291)] "Uncaught (in promise) cancel: Signal asynchronously disposed", source: https://meet.google.com/_/scs/mss-static/_/js/k=boq-rtc.MeetingsUi.en_US.Afx2rOZFnKs.2020.O/am=ZrwHAAGAIIAAMAcGgAAAIAQAZQBApAACDwwgAPLgAAhgAAAAAIAlKSIEAAAEaQAAEAD0A-4wggAEgAE/d=1/excm=_b,_tp,calldesktoppageview/ed=1/dg=0/br=1/wt=2/ujg=1/rs=AL5CKSGkeNLIjIS5FrAz12W7lUNceiq6Jw/m=_b,_tp?wli=MeetingsUi.TfFAuUBkOAg.loadAudioAnalyzer.O%3A%3BMeetingsUi.wjLXFhg4IAc.loadNetEqLyraWrapper.O%3A%3BMeetingsUi.ji-HOGphaxQ.loadNetEqWrapper.O%3A%3B (291)
[12840:7080:0330/165800.694:INFO:CONSOLE(291)] "Uncaught (in promise) cancel: Signal asynchronously disposed", source: https://meet.google.com/_/scs/mss-static/_/js/k=boq-rtc.MeetingsUi.en_US.Afx2rOZFnKs.2020.O/am=ZrwHAAGAIIAAMAcGgAAAIAQAZQBApAACDwwgAPLgAAhgAAAAAIAlKSIEAAAEaQAAEAD0A-4wggAEgAE/d=1/excm=_b,_tp,calldesktoppageview/ed=1/dg=0/br=1/wt=2/ujg=1/rs=AL5CKSGkeNLIjIS5FrAz12W7lUNceiq6Jw/m=_b,_tp?wli=MeetingsUi.TfFAuUBkOAg.loadAudioAnalyzer.O%3A%3BMeetingsUi.wjLXFhg4IAc.loadNetEqLyraWrapper.O%3A%3BMeetingsUi.ji-HOGphaxQ.loadNetEqWrapper.O%3A%3B (291)
[12840:7080:0330/165800.694:INFO:CONSOLE(291)] "Uncaught (in promise) cancel: Signal asynchronously disposed", source: https://meet.google.com/_/scs/mss-static/_/js/k=boq-rtc.MeetingsUi.en_US.Afx2rOZFnKs.2020.O/am=ZrwHAAGAIIAAMAcGgAAAIAQAZQBApAACDwwgAPLgAAhgAAAAAIAlKSIEAAAEaQAAEAD0A-4wggAEgAE/d=1/excm=_b,_tp,calldesktoppageview/ed=1/dg=0/br=1/wt=2/ujg=1/rs=AL5CKSGkeNLIjIS5FrAz12W7lUNceiq6Jw/m=_b,_tp?wli=MeetingsUi.TfFAuUBkOAg.loadAudioAnalyzer.O%3A%3BMeetingsUi.wjLXFhg4IAc.loadNetEqLyraWrapper.O%3A%3BMeetingsUi.ji-HOGphaxQ.loadNetEqWrapper.O%3A%3B (291)
[12840:7080:0330/165800.694:INFO:CONSOLE(291)] "Uncaught (in promise) cancel: Signal asynchronously disposed", source: https://meet.google.com/_/scs/mss-static/_/js/k=boq-rtc.MeetingsUi.en_US.Afx2rOZFnKs.2020.O/am=ZrwHAAGAIIAAMAcGgAAAIAQAZQBApAACDwwgAPLgAAhgAAAAAIAlKSIEAAAEaQAAEAD0A-4wggAEgAE/d=1/excm=_b,_tp,calldesktoppageview/ed=1/dg=0/br=1/wt=2/ujg=1/rs=AL5CKSGkeNLIjIS5FrAz12W7lUNceiq6Jw/m=_b,_tp?wli=MeetingsUi.TfFAuUBkOAg.loadAudioAnalyzer.O%3A%3BMeetingsUi.wjLXFhg4IAc.loadNetEqLyraWrapper.O%3A%3BMeetingsUi.ji-HOGphaxQ.loadNetEqWrapper.O%3A%3B (291)
[12840:7080:0330/165800.694:INFO:CONSOLE(291)] "Uncaught (in promise) cancel: Signal asynchronously disposed", source: https://meet.google.com/_/scs/mss-static/_/js/k=boq-rtc.MeetingsUi.en_US.Afx2rOZFnKs.2020.O/am=ZrwHAAGAIIAAMAcGgAAAIAQAZQBApAACDwwgAPLgAAhgAAAAAIAlKSIEAAAEaQAAEAD0A-4wggAEgAE/d=1/excm=_b,_tp,calldesktoppageview/ed=1/dg=0/br=1/wt=2/ujg=1/rs=AL5CKSGkeNLIjIS5FrAz12W7lUNceiq6Jw/m=_b,_tp?wli=MeetingsUi.TfFAuUBkOAg.loadAudioAnalyzer.O%3A%3BMeetingsUi.wjLXFhg4IAc.loadNetEqLyraWrapper.O%3A%3BMeetingsUi.ji-HOGphaxQ.loadNetEqWrapper.O%3A%3B (291)
[12840:7080:0330/165800.696:INFO:CONSOLE(291)] "Uncaught (in promise) cancel: Disposed before init", source: https://meet.google.com/_/scs/mss-static/_/js/k=boq-rtc.MeetingsUi.en_US.Afx2rOZFnKs.2020.O/am=ZrwHAAGAIIAAMAcGgAAAIAQAZQBApAACDwwgAPLgAAhgAAAAAIAlKSIEAAAEaQAAEAD0A-4wggAEgAE/d=1/excm=_b,_tp,calldesktoppageview/ed=1/dg=0/br=1/wt=2/ujg=1/rs=AL5CKSGkeNLIjIS5FrAz12W7lUNceiq6Jw/m=_b,_tp?wli=MeetingsUi.TfFAuUBkOAg.loadAudioAnalyzer.O%3A%3BMeetingsUi.wjLXFhg4IAc.loadNetEqLyraWrapper.O%3A%3BMeetingsUi.ji-HOGphaxQ.loadNetEqWrapper.O%3A%3B (291)
[12840:7080:0330/165800.697:INFO:CONSOLE(4255)] "Uncaught (in promise) DisconnectedError: DisconnectedError, EndCause = 72", source: https://meet.google.com/_/scs/mss-static/_/js/k=boq-rtc.MeetingsUi.en_US.Afx2rOZFnKs.2020.O/ck=boq-rtc.MeetingsUi.WeXtDzkXW3g.L.B1.O/am=ZrwHAAGAIIAAMAcGgAAAIAQAZQBApAACDwwgAPLgAAhgAAAAAIAlKSIEAAAEaQAAEAD0A-4wggAEgAE/d=1/exm=LEikZe,_b,_tp,byfTOb,lsjVmc/excm=_b,_tp,calldesktoppageview/ed=1/br=1/wt=2/ujg=1/rs=AL5CKSHwRoly5mu5kjDK5m5Dt-lGrkwzYA/ee=AM9HZd:vCak4b;BRmVff:HS5Yaf;BjCzpe:Yvr34d;Bnf5Lc:iPDrZd;CDC4qf:q6fE0e;CMRktf:sGrqec;DGWCxb:CgYiQ;E1tgbf:hMxPK;EAoUvb:aKikzb;EVNhjf:pw70Gc;EfKZq:QO2YB;EmZ2Bf:zr1jrb;GKUnZb:WNRENb;GmdGTd:Ct4wsb;IXc14:VZgraf;J9XQCb:ojlpPe;JLGZx:oSnDHf;JsINff:yeaFZ;JsbNhc:Xd8iUd;K5nYTd:ZDZcre;KKym4b:dTTbnb;KNpT6b:iSCite;KgXQpf:pQJdrb;LBgRLc:SdcwHb;LQJKcd:WuS5Ye;MJ6mxb:ubdYZ;Me32dd:MEeYgc;N8ehxe:AKukpf;NAHCGe:mxiOOb;NPKaK:SdcwHb;NSEoX:lazG7b;OOoYAb:Oj9pPe;PRDQhf:ux3mLc;PgXDBd:dm1dhc;Pjplud:EEDORb;QGR0gd:Mlhmy;QhhnXd:UqJYYe;RRwdt:gGRuRe;RYWUUc:anescc;Rh5nIc:JScXmc;SIjcAd:jrKD8b;SL22ab:CBRamd;SNUn3:ZwDk9d;SVOR2e:RqS4qe;SVvzme:BPB8ib;ScI3Yc:e7Hzgb;Szy1cf:nBpGQ;TB8xhd:AGa58c;ULs67c:bdUBJc;Up9aO:kY43Sc;Uvc8o:VDovNc;V7j7Sb:stsTjb;VJwZIe:q5U1uf;X6zUkd:u0z0vd;XSYl9e:GNVVIb;YBlgBf:LMo5Id;YIZmRd:A1yn5d;Ycdno:rkQZze;YfZO5c:CVuqWd;ZE1Tgd:kZF9ne;ZGeKvd:rb5w8b;ZT1aHd:g7FNPe;ZaFVgc:wOWhl;ZjyI3e:W2v6fc;a56pNe:JEfCwb;aPdIxb:F52gIc;bS8oAe:Kimhwf;brg6Gd:TlvL3b;cEt90b:ws9Tlc;cFl0Ie:PWJipc;cJj1Kd:A5k23d;cYTQve:GhXhl;cgbTHc:G8ycZ;dDPGef:IiQq4e;dIoSBb:SpsfSb;dYFttf:ZRxAzc;dowIGb:ebZ3mb;eBAeSb:zbML3c;esl3oe:Qz2vJf;g2wfV:DcDVld;gAClPb:ghdkwd;giw6qf:E7GzYd;hgud7d:GNh0Qc;hoquJe:EjBUIf;iFQyKf:QIhFr;iKsOgb:cWjcJb;jRrT5d:EHUI2d;jg0vue:iItGlf;jtBjNe:dWHZee;kNqx7b:gzp7wb;kqpyR:qIJF2;l4RAwd:h5Fnie;l6twR:Fvyyad;lJ7cgb:Erp0q;lOO0Vd:OTA3Ae;lx9iFf:nVFiIc;m4bwx:htQxyf;nAFL3:s39S4;oFd48c:l7VM1e;oGtAuc:sOXFj;p0iB4:VQhtq;pXdRYb:MdUzUe;qSBODf:H8X5pc;qafBPd:yDVVkb;qddgKe:xQtZb;qgOdad:vko54d;rUAape:NePQb;rWx8Cc:DxgUF;rarsed:Mb2qyd;rpiri:tZyrxe;sgnAWd:HkSoT;ssiZFc:BhQ85d;vKM7Jb:cWjcJb;w1T0Td:xpWMVc;wR5FRb:O1Gjze;x2i2de:zeWni;x4CZme:lCtfC;xbOSgd:e5G55;xqZiqf:wmnU7d;ye9FMd:KC9GA;yxTchf:KUM7Z;zBvUNc:fT8Mbb;zJxI2:kxz7Nb;zxnPse:GkRiKb/m=ws9Tlc,n73qwf,GkRiKb,e5qFLc,IZT63,UUJqVe,O1Gjze,xUdipf,ZDZcre,OTA3Ae,ZwDk9d,RyvaUb,mI3LFb,XU5LFb,m9oV,hl,P6sQOc,QcfBve,mzzZzc,rCcCxc,mSX26d,WO9ee,JGjVRe,en2VH,ALJJub,ncpZGe,kRDR8c,H9H6ie,sszRX,FU117c,QQnX0,uHu91b,kgMFLe,hKCjub,CJeEuc,O6y8ed,PrPYRd,MpJwZc,NwH0H,V3dDOb,lazG7b,Ivl8bd,g9HNd,XVMNvd,L1AAkb,KUM7Z,Fl2dbf,s39S4,lwddkf,gychg,w9hDv,RMhBfe,SdcwHb,aW3pY,texUgd,pw70Gc,EFQ78c,Ulmmrd,A7fCU,mdR7q,wmnU7d,xQtZb,FSOnAf,gJzDyc,JNoxi,MI6k7c,kjKdXe,BVgquf,QIhFr,lfpdyf,hKSk3e,hc6Ubd,SpsfSb,Z5uLle,MdUzUe,zbML3c,zr1jrb,Uas9Hd,pjICDe?wli=MeetingsUi.TfFAuUBkOAg.loadAudioAnalyzer.O%3A%3BMeetingsUi.wjLXFhg4IAc.loadNetEqLyraWrapper.O%3A%3BMeetingsUi.ji-HOGphaxQ.loadNetEqWrapper.O%3A%3B (4255)
[12840:7080:0330/165800.699:INFO:CONSOLE(4255)] "Uncaught (in promise) DisconnectedError: DisconnectedError, EndCause = 72", source: https://meet.google.com/_/scs/mss-static/_/js/k=boq-rtc.MeetingsUi.en_US.Afx2rOZFnKs.2020.O/ck=boq-rtc.MeetingsUi.WeXtDzkXW3g.L.B1.O/am=ZrwHAAGAIIAAMAcGgAAAIAQAZQBApAACDwwgAPLgAAhgAAAAAIAlKSIEAAAEaQAAEAD0A-4wggAEgAE/d=1/exm=LEikZe,_b,_tp,byfTOb,lsjVmc/excm=_b,_tp,calldesktoppageview/ed=1/br=1/wt=2/ujg=1/rs=AL5CKSHwRoly5mu5kjDK5m5Dt-lGrkwzYA/ee=AM9HZd:vCak4b;BRmVff:HS5Yaf;BjCzpe:Yvr34d;Bnf5Lc:iPDrZd;CDC4qf:q6fE0e;CMRktf:sGrqec;DGWCxb:CgYiQ;E1tgbf:hMxPK;EAoUvb:aKikzb;EVNhjf:pw70Gc;EfKZq:QO2YB;EmZ2Bf:zr1jrb;GKUnZb:WNRENb;GmdGTd:Ct4wsb;IXc14:VZgraf;J9XQCb:ojlpPe;JLGZx:oSnDHf;JsINff:yeaFZ;JsbNhc:Xd8iUd;K5nYTd:ZDZcre;KKym4b:dTTbnb;KNpT6b:iSCite;KgXQpf:pQJdrb;LBgRLc:SdcwHb;LQJKcd:WuS5Ye;MJ6mxb:ubdYZ;Me32dd:MEeYgc;N8ehxe:AKukpf;NAHCGe:mxiOOb;NPKaK:SdcwHb;NSEoX:lazG7b;OOoYAb:Oj9pPe;PRDQhf:ux3mLc;PgXDBd:dm1dhc;Pjplud:EEDORb;QGR0gd:Mlhmy;QhhnXd:UqJYYe;RRwdt:gGRuRe;RYWUUc:anescc;Rh5nIc:JScXmc;SIjcAd:jrKD8b;SL22ab:CBRamd;SNUn3:ZwDk9d;SVOR2e:RqS4qe;SVvzme:BPB8ib;ScI3Yc:e7Hzgb;Szy1cf:nBpGQ;TB8xhd:AGa58c;ULs67c:bdUBJc;Up9aO:kY43Sc;Uvc8o:VDovNc;V7j7Sb:stsTjb;VJwZIe:q5U1uf;X6zUkd:u0z0vd;XSYl9e:GNVVIb;YBlgBf:LMo5Id;YIZmRd:A1yn5d;Ycdno:rkQZze;YfZO5c:CVuqWd;ZE1Tgd:kZF9ne;ZGeKvd:rb5w8b;ZT1aHd:g7FNPe;ZaFVgc:wOWhl;ZjyI3e:W2v6fc;a56pNe:JEfCwb;aPdIxb:F52gIc;bS8oAe:Kimhwf;brg6Gd:TlvL3b;cEt90b:ws9Tlc;cFl0Ie:PWJipc;cJj1Kd:A5k23d;cYTQve:GhXhl;cgbTHc:G8ycZ;dDPGef:IiQq4e;dIoSBb:SpsfSb;dYFttf:ZRxAzc;dowIGb:ebZ3mb;eBAeSb:zbML3c;esl3oe:Qz2vJf;g2wfV:DcDVld;gAClPb:ghdkwd;giw6qf:E7GzYd;hgud7d:GNh0Qc;hoquJe:EjBUIf;iFQyKf:QIhFr;iKsOgb:cWjcJb;jRrT5d:EHUI2d;jg0vue:iItGlf;jtBjNe:dWHZee;kNqx7b:gzp7wb;kqpyR:qIJF2;l4RAwd:h5Fnie;l6twR:Fvyyad;lJ7cgb:Erp0q;lOO0Vd:OTA3Ae;lx9iFf:nVFiIc;m4bwx:htQxyf;nAFL3:s39S4;oFd48c:l7VM1e;oGtAuc:sOXFj;p0iB4:VQhtq;pXdRYb:MdUzUe;qSBODf:H8X5pc;qafBPd:yDVVkb;qddgKe:xQtZb;qgOdad:vko54d;rUAape:NePQb;rWx8Cc:DxgUF;rarsed:Mb2qyd;rpiri:tZyrxe;sgnAWd:HkSoT;ssiZFc:BhQ85d;vKM7Jb:cWjcJb;w1T0Td:xpWMVc;wR5FRb:O1Gjze;x2i2de:zeWni;x4CZme:lCtfC;xbOSgd:e5G55;xqZiqf:wmnU7d;ye9FMd:KC9GA;yxTchf:KUM7Z;zBvUNc:fT8Mbb;zJxI2:kxz7Nb;zxnPse:GkRiKb/m=ws9Tlc,n73qwf,GkRiKb,e5qFLc,IZT63,UUJqVe,O1Gjze,xUdipf,ZDZcre,OTA3Ae,ZwDk9d,RyvaUb,mI3LFb,XU5LFb,m9oV,hl,P6sQOc,QcfBve,mzzZzc,rCcCxc,mSX26d,WO9ee,JGjVRe,en2VH,ALJJub,ncpZGe,kRDR8c,H9H6ie,sszRX,FU117c,QQnX0,uHu91b,kgMFLe,hKCjub,CJeEuc,O6y8ed,PrPYRd,MpJwZc,NwH0H,V3dDOb,lazG7b,Ivl8bd,g9HNd,XVMNvd,L1AAkb,KUM7Z,Fl2dbf,s39S4,lwddkf,gychg,w9hDv,RMhBfe,SdcwHb,aW3pY,texUgd,pw70Gc,EFQ78c,Ulmmrd,A7fCU,mdR7q,wmnU7d,xQtZb,FSOnAf,gJzDyc,JNoxi,MI6k7c,kjKdXe,BVgquf,QIhFr,lfpdyf,hKSk3e,hc6Ubd,SpsfSb,Z5uLle,MdUzUe,zbML3c,zr1jrb,Uas9Hd,pjICDe?wli=MeetingsUi.TfFAuUBkOAg.loadAudioAnalyzer.O%3A%3BMeetingsUi.wjLXFhg4IAc.loadNetEqLyraWrapper.O%3A%3BMeetingsUi.ji-HOGphaxQ.loadNetEqWrapper.O%3A%3B (4255)
[12840:7080:0330/165800.710:WARNING:capture_device_ranking.h(255)] Can't initialize the value of media.audio_input.user_preference_ranking because media.default_audio_capture_device isn't registered or is empty
[12840:7080:0330/165800.710:WARNING:capture_device_ranking.h(255)] Can't initialize the value of media.video_input.user_preference_ranking because media.default_video_capture_Device isn't registered or is empty
[12840:7080:0330/165800.713:INFO:CONSOLE(291)] "Uncaught (in promise) cancel: Signal asynchronously disposed", source: https://meet.google.com/_/scs/mss-static/_/js/k=boq-rtc.MeetingsUi.en_US.Afx2rOZFnKs.2020.O/am=ZrwHAAGAIIAAMAcGgAAAIAQAZQBApAACDwwgAPLgAAhgAAAAAIAlKSIEAAAEaQAAEAD0A-4wggAEgAE/d=1/excm=_b,_tp,calldesktoppageview/ed=1/dg=0/br=1/wt=2/ujg=1/rs=AL5CKSGkeNLIjIS5FrAz12W7lUNceiq6Jw/m=_b,_tp?wli=MeetingsUi.TfFAuUBkOAg.loadAudioAnalyzer.O%3A%3BMeetingsUi.wjLXFhg4IAc.loadNetEqLyraWrapper.O%3A%3BMeetingsUi.ji-HOGphaxQ.loadNetEqWrapper.O%3A%3B (291)
[12840:7080:0330/165800.719:WARNING:capture_device_ranking.h(255)] Can't initialize the value of media.audio_input.user_preference_ranking because media.default_audio_capture_device isn't registered or is empty
[12840:7080:0330/165800.719:WARNING:capture_device_ranking.h(255)] Can't initialize the value of media.video_input.user_preference_ranking because media.default_video_capture_Device isn't registered or is empty
[12840:7080:0330/165800.743:INFO:CONSOLE(4255)] "Uncaught (in promise) DisconnectedError: DisconnectedError, EndCause = 72", source: https://meet.google.com/_/scs/mss-static/_/js/k=boq-rtc.MeetingsUi.en_US.Afx2rOZFnKs.2020.O/ck=boq-rtc.MeetingsUi.WeXtDzkXW3g.L.B1.O/am=ZrwHAAGAIIAAMAcGgAAAIAQAZQBApAACDwwgAPLgAAhgAAAAAIAlKSIEAAAEaQAAEAD0A-4wggAEgAE/d=1/exm=LEikZe,_b,_tp,byfTOb,lsjVmc/excm=_b,_tp,calldesktoppageview/ed=1/br=1/wt=2/ujg=1/rs=AL5CKSHwRoly5mu5kjDK5m5Dt-lGrkwzYA/ee=AM9HZd:vCak4b;BRmVff:HS5Yaf;BjCzpe:Yvr34d;Bnf5Lc:iPDrZd;CDC4qf:q6fE0e;CMRktf:sGrqec;DGWCxb:CgYiQ;E1tgbf:hMxPK;EAoUvb:aKikzb;EVNhjf:pw70Gc;EfKZq:QO2YB;EmZ2Bf:zr1jrb;GKUnZb:WNRENb;GmdGTd:Ct4wsb;IXc14:VZgraf;J9XQCb:ojlpPe;JLGZx:oSnDHf;JsINff:yeaFZ;JsbNhc:Xd8iUd;K5nYTd:ZDZcre;KKym4b:dTTbnb;KNpT6b:iSCite;KgXQpf:pQJdrb;LBgRLc:SdcwHb;LQJKcd:WuS5Ye;MJ6mxb:ubdYZ;Me32dd:MEeYgc;N8ehxe:AKukpf;NAHCGe:mxiOOb;NPKaK:SdcwHb;NSEoX:lazG7b;OOoYAb:Oj9pPe;PRDQhf:ux3mLc;PgXDBd:dm1dhc;Pjplud:EEDORb;QGR0gd:Mlhmy;QhhnXd:UqJYYe;RRwdt:gGRuRe;RYWUUc:anescc;Rh5nIc:JScXmc;SIjcAd:jrKD8b;SL22ab:CBRamd;SNUn3:ZwDk9d;SVOR2e:RqS4qe;SVvzme:BPB8ib;ScI3Yc:e7Hzgb;Szy1cf:nBpGQ;TB8xhd:AGa58c;ULs67c:bdUBJc;Up9aO:kY43Sc;Uvc8o:VDovNc;V7j7Sb:stsTjb;VJwZIe:q5U1uf;X6zUkd:u0z0vd;XSYl9e:GNVVIb;YBlgBf:LMo5Id;YIZmRd:A1yn5d;Ycdno:rkQZze;YfZO5c:CVuqWd;ZE1Tgd:kZF9ne;ZGeKvd:rb5w8b;ZT1aHd:g7FNPe;ZaFVgc:wOWhl;ZjyI3e:W2v6fc;a56pNe:JEfCwb;aPdIxb:F52gIc;bS8oAe:Kimhwf;brg6Gd:TlvL3b;cEt90b:ws9Tlc;cFl0Ie:PWJipc;cJj1Kd:A5k23d;cYTQve:GhXhl;cgbTHc:G8ycZ;dDPGef:IiQq4e;dIoSBb:SpsfSb;dYFttf:ZRxAzc;dowIGb:ebZ3mb;eBAeSb:zbML3c;esl3oe:Qz2vJf;g2wfV:DcDVld;gAClPb:ghdkwd;giw6qf:E7GzYd;hgud7d:GNh0Qc;hoquJe:EjBUIf;iFQyKf:QIhFr;iKsOgb:cWjcJb;jRrT5d:EHUI2d;jg0vue:iItGlf;jtBjNe:dWHZee;kNqx7b:gzp7wb;kqpyR:qIJF2;l4RAwd:h5Fnie;l6twR:Fvyyad;lJ7cgb:Erp0q;lOO0Vd:OTA3Ae;lx9iFf:nVFiIc;m4bwx:htQxyf;nAFL3:s39S4;oFd48c:l7VM1e;oGtAuc:sOXFj;p0iB4:VQhtq;pXdRYb:MdUzUe;qSBODf:H8X5pc;qafBPd:yDVVkb;qddgKe:xQtZb;qgOdad:vko54d;rUAape:NePQb;rWx8Cc:DxgUF;rarsed:Mb2qyd;rpiri:tZyrxe;sgnAWd:HkSoT;ssiZFc:BhQ85d;vKM7Jb:cWjcJb;w1T0Td:xpWMVc;wR5FRb:O1Gjze;x2i2de:zeWni;x4CZme:lCtfC;xbOSgd:e5G55;xqZiqf:wmnU7d;ye9FMd:KC9GA;yxTchf:KUM7Z;zBvUNc:fT8Mbb;zJxI2:kxz7Nb;zxnPse:GkRiKb/m=ws9Tlc,n73qwf,GkRiKb,e5qFLc,IZT63,UUJqVe,O1Gjze,xUdipf,ZDZcre,OTA3Ae,ZwDk9d,RyvaUb,mI3LFb,XU5LFb,m9oV,hl,P6sQOc,QcfBve,mzzZzc,rCcCxc,mSX26d,WO9ee,JGjVRe,en2VH,ALJJub,ncpZGe,kRDR8c,H9H6ie,sszRX,FU117c,QQnX0,uHu91b,kgMFLe,hKCjub,CJeEuc,O6y8ed,PrPYRd,MpJwZc,NwH0H,V3dDOb,lazG7b,Ivl8bd,g9HNd,XVMNvd,L1AAkb,KUM7Z,Fl2dbf,s39S4,lwddkf,gychg,w9hDv,RMhBfe,SdcwHb,aW3pY,texUgd,pw70Gc,EFQ78c,Ulmmrd,A7fCU,mdR7q,wmnU7d,xQtZb,FSOnAf,gJzDyc,JNoxi,MI6k7c,kjKdXe,BVgquf,QIhFr,lfpdyf,hKSk3e,hc6Ubd,SpsfSb,Z5uLle,MdUzUe,zbML3c,zr1jrb,Uas9Hd,pjICDe?wli=MeetingsUi.TfFAuUBkOAg.loadAudioAnalyzer.O%3A%3BMeetingsUi.wjLXFhg4IAc.loadNetEqLyraWrapper.O%3A%3BMeetingsUi.ji-HOGphaxQ.loadNetEqWrapper.O%3A%3B (4255)
[23008:25604:0330/165802.163:WARNING:sqlite_persistent_store_backend_base.cc(198)] Failed to post task from FlushAndNotifyInBackground@net\extras\sqlite\sqlite_persistent_store_backend_base.cc:248 to client_task_runner_.
[23008:25604:0330/165802.163:WARNING:sqlite_persistent_store_backend_base.cc(198)] Failed to post task from FlushAndNotifyInBackground@net\extras\sqlite\sqlite_persistent_store_backend_base.cc:248 to client_task_runner_.
[16788:26076:0330/165802.372:ERROR:command_buffer_proxy_impl.cc(325)] GPU state invalid after WaitForGetOffsetInRange.
